TCP Ping trying to connect to server localhost (127.0.0.1) on port 1491
 ... connected to Pong server: asking for 501 repetitions of 64 bytes TCP messages
 ... Pong server agreed :-)
tcp_ping received 64 bytes back
Round trip time was 0.1285 milliseconds in repetition 1
tcp_ping received 64 bytes back
Round trip time was 0.0842 milliseconds in repetition 2
tcp_ping received 64 bytes back
Round trip time was 0.0848 milliseconds in repetition 3
tcp_ping received 64 bytes back
Round trip time was 0.0875 milliseconds in repetition 4
tcp_ping received 64 bytes back
Round trip time was 0.0844 milliseconds in repetition 5
tcp_ping received 64 bytes back
Round trip time was 0.0827 milliseconds in repetition 6
tcp_ping received 64 bytes back
Round trip time was 0.0847 milliseconds in repetition 7
tcp_ping received 64 bytes back
Round trip time was 0.0855 milliseconds in repetition 8
tcp_ping received 64 bytes back
Round trip time was 0.0854 milliseconds in repetition 9
tcp_ping received 64 bytes back
Round trip time was 0.0842 milliseconds in repetition 10
tcp_ping received 64 bytes back
Round trip time was 0.0551 milliseconds in repetition 11
tcp_ping received 64 bytes back
Round trip time was 0.0554 milliseconds in repetition 12
tcp_ping received 64 bytes back
Round trip time was 0.0876 milliseconds in repetition 13
tcp_ping received 64 bytes back
Round trip time was 0.0808 milliseconds in repetition 14
tcp_ping received 64 bytes back
Round trip time was 0.0845 milliseconds in repetition 15
tcp_ping received 64 bytes back
Round trip time was 0.0508 milliseconds in repetition 16
tcp_ping received 64 bytes back
Round trip time was 0.0507 milliseconds in repetition 17
tcp_ping received 64 bytes back
Round trip time was 0.0507 milliseconds in repetition 18
tcp_ping received 64 bytes back
Round trip time was 0.051 milliseconds in repetition 19
tcp_ping received 64 bytes back
Round trip time was 0.0506 milliseconds in repetition 20
tcp_ping received 64 bytes back
Round trip time was 0.0507 milliseconds in repetition 21
tcp_ping received 64 bytes back
Round trip time was 0.0506 milliseconds in repetition 22
tcp_ping received 64 bytes back
Round trip time was 0.0506 milliseconds in repetition 23
tcp_ping received 64 bytes back
Round trip time was 0.0505 milliseconds in repetition 24
tcp_ping received 64 bytes back
Round trip time was 0.0506 milliseconds in repetition 25
tcp_ping received 64 bytes back
Round trip time was 0.0507 milliseconds in repetition 26
tcp_ping received 64 bytes back
Round trip time was 0.051 milliseconds in repetition 27
tcp_ping received 64 bytes back
Round trip time was 0.0506 milliseconds in repetition 28
tcp_ping received 64 bytes back
Round trip time was 0.0543 milliseconds in repetition 29
tcp_ping received 64 bytes back
Round trip time was 0.0507 milliseconds in repetition 30
tcp_ping received 64 bytes back
Round trip time was 0.0506 milliseconds in repetition 31
tcp_ping received 64 bytes back
Round trip time was 0.0507 milliseconds in repetition 32
tcp_ping received 64 bytes back
Round trip time was 0.0508 milliseconds in repetition 33
tcp_ping received 64 bytes back
Round trip time was 0.0506 milliseconds in repetition 34
tcp_ping received 64 bytes back
Round trip time was 0.0509 milliseconds in repetition 35
tcp_ping received 64 bytes back
Round trip time was 0.0506 milliseconds in repetition 36
tcp_ping received 64 bytes back
Round trip time was 0.051 milliseconds in repetition 37
tcp_ping received 64 bytes back
Round trip time was 0.0507 milliseconds in repetition 38
tcp_ping received 64 bytes back
Round trip time was 0.0507 milliseconds in repetition 39
tcp_ping received 64 bytes back
Round trip time was 0.0508 milliseconds in repetition 40
tcp_ping received 64 bytes back
Round trip time was 0.0508 milliseconds in repetition 41
tcp_ping received 64 bytes back
Round trip time was 0.0503 milliseconds in repetition 42
tcp_ping received 64 bytes back
Round trip time was 0.0506 milliseconds in repetition 43
tcp_ping received 64 bytes back
Round trip time was 0.0504 milliseconds in repetition 44
tcp_ping received 64 bytes back
Round trip time was 0.0505 milliseconds in repetition 45
tcp_ping received 64 bytes back
Round trip time was 0.052 milliseconds in repetition 46
tcp_ping received 64 bytes back
Round trip time was 0.0797 milliseconds in repetition 47
tcp_ping received 64 bytes back
Round trip time was 0.0518 milliseconds in repetition 48
tcp_ping received 64 bytes back
Round trip time was 0.051 milliseconds in repetition 49
tcp_ping received 64 bytes back
Round trip time was 0.0507 milliseconds in repetition 50
tcp_ping received 64 bytes back
Round trip time was 0.0507 milliseconds in repetition 51
tcp_ping received 64 bytes back
Round trip time was 0.0507 milliseconds in repetition 52
tcp_ping received 64 bytes back
Round trip time was 0.0507 milliseconds in repetition 53
tcp_ping received 64 bytes back
Round trip time was 0.0507 milliseconds in repetition 54
tcp_ping received 64 bytes back
Round trip time was 0.0509 milliseconds in repetition 55
tcp_ping received 64 bytes back
Round trip time was 0.0506 milliseconds in repetition 56
tcp_ping received 64 bytes back
Round trip time was 0.0508 milliseconds in repetition 57
tcp_ping received 64 bytes back
Round trip time was 0.0508 milliseconds in repetition 58
tcp_ping received 64 bytes back
Round trip time was 0.051 milliseconds in repetition 59
tcp_ping received 64 bytes back
Round trip time was 0.0507 milliseconds in repetition 60
tcp_ping received 64 bytes back
Round trip time was 0.0506 milliseconds in repetition 61
tcp_ping received 64 bytes back
Round trip time was 0.0509 milliseconds in repetition 62
tcp_ping received 64 bytes back
Round trip time was 0.0507 milliseconds in repetition 63
tcp_ping received 64 bytes back
Round trip time was 0.0509 milliseconds in repetition 64
tcp_ping received 64 bytes back
Round trip time was 0.0507 milliseconds in repetition 65
tcp_ping received 64 bytes back
Round trip time was 0.0505 milliseconds in repetition 66
tcp_ping received 64 bytes back
Round trip time was 0.0508 milliseconds in repetition 67
tcp_ping received 64 bytes back
Round trip time was 0.0507 milliseconds in repetition 68
tcp_ping received 64 bytes back
Round trip time was 0.0507 milliseconds in repetition 69
tcp_ping received 64 bytes back
Round trip time was 0.0508 milliseconds in repetition 70
tcp_ping received 64 bytes back
Round trip time was 0.0508 milliseconds in repetition 71
tcp_ping received 64 bytes back
Round trip time was 0.0664 milliseconds in repetition 72
tcp_ping received 64 bytes back
Round trip time was 0.0508 milliseconds in repetition 73
tcp_ping received 64 bytes back
Round trip time was 0.0508 milliseconds in repetition 74
tcp_ping received 64 bytes back
Round trip time was 0.0508 milliseconds in repetition 75
tcp_ping received 64 bytes back
Round trip time was 0.0508 milliseconds in repetition 76
tcp_ping received 64 bytes back
Round trip time was 0.0508 milliseconds in repetition 77
tcp_ping received 64 bytes back
Round trip time was 0.0505 milliseconds in repetition 78
tcp_ping received 64 bytes back
Round trip time was 0.0508 milliseconds in repetition 79
tcp_ping received 64 bytes back
Round trip time was 0.0506 milliseconds in repetition 80
tcp_ping received 64 bytes back
Round trip time was 0.0507 milliseconds in repetition 81
tcp_ping received 64 bytes back
Round trip time was 0.0976 milliseconds in repetition 82
tcp_ping received 64 bytes back
Round trip time was 0.0757 milliseconds in repetition 83
tcp_ping received 64 bytes back
Round trip time was 0.1051 milliseconds in repetition 84
tcp_ping received 64 bytes back
Round trip time was 0.1377 milliseconds in repetition 85
tcp_ping received 64 bytes back
Round trip time was 0.1196 milliseconds in repetition 86
tcp_ping received 64 bytes back
Round trip time was 0.081 milliseconds in repetition 87
tcp_ping received 64 bytes back
Round trip time was 0.0658 milliseconds in repetition 88
tcp_ping received 64 bytes back
Round trip time was 0.0693 milliseconds in repetition 89
tcp_ping received 64 bytes back
Round trip time was 0.0741 milliseconds in repetition 90
tcp_ping received 64 bytes back
Round trip time was 0.1043 milliseconds in repetition 91
tcp_ping received 64 bytes back
Round trip time was 0.101 milliseconds in repetition 92
tcp_ping received 64 bytes back
Round trip time was 0.0984 milliseconds in repetition 93
tcp_ping received 64 bytes back
Round trip time was 0.0959 milliseconds in repetition 94
tcp_ping received 64 bytes back
Round trip time was 0.1123 milliseconds in repetition 95
tcp_ping received 64 bytes back
Round trip time was 0.0635 milliseconds in repetition 96
tcp_ping received 64 bytes back
Round trip time was 0.1104 milliseconds in repetition 97
tcp_ping received 64 bytes back
Round trip time was 0.0733 milliseconds in repetition 98
tcp_ping received 64 bytes back
Round trip time was 0.0982 milliseconds in repetition 99
tcp_ping received 64 bytes back
Round trip time was 0.0979 milliseconds in repetition 100
tcp_ping received 64 bytes back
Round trip time was 0.0944 milliseconds in repetition 101
tcp_ping received 64 bytes back
Round trip time was 0.092 milliseconds in repetition 102
tcp_ping received 64 bytes back
Round trip time was 0.1099 milliseconds in repetition 103
tcp_ping received 64 bytes back
Round trip time was 0.0959 milliseconds in repetition 104
tcp_ping received 64 bytes back
Round trip time was 0.1098 milliseconds in repetition 105
tcp_ping received 64 bytes back
Round trip time was 0.0853 milliseconds in repetition 106
tcp_ping received 64 bytes back
Round trip time was 0.0866 milliseconds in repetition 107
tcp_ping received 64 bytes back
Round trip time was 0.0851 milliseconds in repetition 108
tcp_ping received 64 bytes back
Round trip time was 0.0817 milliseconds in repetition 109
tcp_ping received 64 bytes back
Round trip time was 0.0544 milliseconds in repetition 110
tcp_ping received 64 bytes back
Round trip time was 0.0528 milliseconds in repetition 111
tcp_ping received 64 bytes back
Round trip time was 0.053 milliseconds in repetition 112
tcp_ping received 64 bytes back
Round trip time was 0.0527 milliseconds in repetition 113
tcp_ping received 64 bytes back
Round trip time was 0.0528 milliseconds in repetition 114
tcp_ping received 64 bytes back
Round trip time was 0.0529 milliseconds in repetition 115
tcp_ping received 64 bytes back
Round trip time was 0.053 milliseconds in repetition 116
tcp_ping received 64 bytes back
Round trip time was 0.0527 milliseconds in repetition 117
tcp_ping received 64 bytes back
Round trip time was 0.0529 milliseconds in repetition 118
tcp_ping received 64 bytes back
Round trip time was 0.0534 milliseconds in repetition 119
tcp_ping received 64 bytes back
Round trip time was 0.0528 milliseconds in repetition 120
tcp_ping received 64 bytes back
Round trip time was 0.0529 milliseconds in repetition 121
tcp_ping received 64 bytes back
Round trip time was 0.053 milliseconds in repetition 122
tcp_ping received 64 bytes back
Round trip time was 0.0528 milliseconds in repetition 123
tcp_ping received 64 bytes back
Round trip time was 0.053 milliseconds in repetition 124
tcp_ping received 64 bytes back
Round trip time was 0.0535 milliseconds in repetition 125
tcp_ping received 64 bytes back
Round trip time was 0.0529 milliseconds in repetition 126
tcp_ping received 64 bytes back
Round trip time was 0.0525 milliseconds in repetition 127
tcp_ping received 64 bytes back
Round trip time was 0.0527 milliseconds in repetition 128
tcp_ping received 64 bytes back
Round trip time was 0.0528 milliseconds in repetition 129
tcp_ping received 64 bytes back
Round trip time was 0.0527 milliseconds in repetition 130
tcp_ping received 64 bytes back
Round trip time was 0.0532 milliseconds in repetition 131
tcp_ping received 64 bytes back
Round trip time was 0.0528 milliseconds in repetition 132
tcp_ping received 64 bytes back
Round trip time was 0.0527 milliseconds in repetition 133
tcp_ping received 64 bytes back
Round trip time was 0.0525 milliseconds in repetition 134
tcp_ping received 64 bytes back
Round trip time was 0.0528 milliseconds in repetition 135
tcp_ping received 64 bytes back
Round trip time was 0.0525 milliseconds in repetition 136
tcp_ping received 64 bytes back
Round trip time was 0.0591 milliseconds in repetition 137
tcp_ping received 64 bytes back
Round trip time was 0.0538 milliseconds in repetition 138
tcp_ping received 64 bytes back
Round trip time was 0.0532 milliseconds in repetition 139
tcp_ping received 64 bytes back
Round trip time was 0.0529 milliseconds in repetition 140
tcp_ping received 64 bytes back
Round trip time was 0.0529 milliseconds in repetition 141
tcp_ping received 64 bytes back
Round trip time was 0.053 milliseconds in repetition 142
tcp_ping received 64 bytes back
Round trip time was 0.053 milliseconds in repetition 143
tcp_ping received 64 bytes back
Round trip time was 0.0529 milliseconds in repetition 144
tcp_ping received 64 bytes back
Round trip time was 0.0529 milliseconds in repetition 145
tcp_ping received 64 bytes back
Round trip time was 0.0529 milliseconds in repetition 146
tcp_ping received 64 bytes back
Round trip time was 0.053 milliseconds in repetition 147
tcp_ping received 64 bytes back
Round trip time was 0.0529 milliseconds in repetition 148
tcp_ping received 64 bytes back
Round trip time was 0.0526 milliseconds in repetition 149
tcp_ping received 64 bytes back
Round trip time was 0.0527 milliseconds in repetition 150
tcp_ping received 64 bytes back
Round trip time was 0.0527 milliseconds in repetition 151
tcp_ping received 64 bytes back
Round trip time was 0.0529 milliseconds in repetition 152
tcp_ping received 64 bytes back
Round trip time was 0.0532 milliseconds in repetition 153
tcp_ping received 64 bytes back
Round trip time was 0.0529 milliseconds in repetition 154
tcp_ping received 64 bytes back
Round trip time was 0.0528 milliseconds in repetition 155
tcp_ping received 64 bytes back
Round trip time was 0.0529 milliseconds in repetition 156
tcp_ping received 64 bytes back
Round trip time was 0.0529 milliseconds in repetition 157
tcp_ping received 64 bytes back
Round trip time was 0.0528 milliseconds in repetition 158
tcp_ping received 64 bytes back
Round trip time was 0.0528 milliseconds in repetition 159
tcp_ping received 64 bytes back
Round trip time was 0.0529 milliseconds in repetition 160
tcp_ping received 64 bytes back
Round trip time was 0.0531 milliseconds in repetition 161
tcp_ping received 64 bytes back
Round trip time was 0.0527 milliseconds in repetition 162
tcp_ping received 64 bytes back
Round trip time was 0.0528 milliseconds in repetition 163
tcp_ping received 64 bytes back
Round trip time was 0.0528 milliseconds in repetition 164
tcp_ping received 64 bytes back
Round trip time was 0.0528 milliseconds in repetition 165
tcp_ping received 64 bytes back
Round trip time was 0.0526 milliseconds in repetition 166
tcp_ping received 64 bytes back
Round trip time was 0.0529 milliseconds in repetition 167
tcp_ping received 64 bytes back
Round trip time was 0.0526 milliseconds in repetition 168
tcp_ping received 64 bytes back
Round trip time was 0.0527 milliseconds in repetition 169
tcp_ping received 64 bytes back
Round trip time was 0.0527 milliseconds in repetition 170
tcp_ping received 64 bytes back
Round trip time was 0.0529 milliseconds in repetition 171
tcp_ping received 64 bytes back
Round trip time was 0.0527 milliseconds in repetition 172
tcp_ping received 64 bytes back
Round trip time was 0.0526 milliseconds in repetition 173
tcp_ping received 64 bytes back
Round trip time was 0.0528 milliseconds in repetition 174
tcp_ping received 64 bytes back
Round trip time was 0.0529 milliseconds in repetition 175
tcp_ping received 64 bytes back
Round trip time was 0.0533 milliseconds in repetition 176
tcp_ping received 64 bytes back
Round trip time was 0.0528 milliseconds in repetition 177
tcp_ping received 64 bytes back
Round trip time was 0.0528 milliseconds in repetition 178
tcp_ping received 64 bytes back
Round trip time was 0.0526 milliseconds in repetition 179
tcp_ping received 64 bytes back
Round trip time was 0.0529 milliseconds in repetition 180
tcp_ping received 64 bytes back
Round trip time was 0.0529 milliseconds in repetition 181
tcp_ping received 64 bytes back
Round trip time was 0.0526 milliseconds in repetition 182
tcp_ping received 64 bytes back
Round trip time was 0.0531 milliseconds in repetition 183
tcp_ping received 64 bytes back
Round trip time was 0.0526 milliseconds in repetition 184
tcp_ping received 64 bytes back
Round trip time was 0.0528 milliseconds in repetition 185
tcp_ping received 64 bytes back
Round trip time was 0.0527 milliseconds in repetition 186
tcp_ping received 64 bytes back
Round trip time was 0.0529 milliseconds in repetition 187
tcp_ping received 64 bytes back
Round trip time was 0.0528 milliseconds in repetition 188
tcp_ping received 64 bytes back
Round trip time was 0.0525 milliseconds in repetition 189
tcp_ping received 64 bytes back
Round trip time was 0.0528 milliseconds in repetition 190
tcp_ping received 64 bytes back
Round trip time was 0.0525 milliseconds in repetition 191
tcp_ping received 64 bytes back
Round trip time was 0.0529 milliseconds in repetition 192
tcp_ping received 64 bytes back
Round trip time was 0.0527 milliseconds in repetition 193
tcp_ping received 64 bytes back
Round trip time was 0.0527 milliseconds in repetition 194
tcp_ping received 64 bytes back
Round trip time was 0.0547 milliseconds in repetition 195
tcp_ping received 64 bytes back
Round trip time was 0.0349 milliseconds in repetition 196
tcp_ping received 64 bytes back
Round trip time was 0.0526 milliseconds in repetition 197
tcp_ping received 64 bytes back
Round trip time was 0.0526 milliseconds in repetition 198
tcp_ping received 64 bytes back
Round trip time was 0.0529 milliseconds in repetition 199
tcp_ping received 64 bytes back
Round trip time was 0.0528 milliseconds in repetition 200
tcp_ping received 64 bytes back
Round trip time was 0.1218 milliseconds in repetition 201
tcp_ping received 64 bytes back
Round trip time was 0.0996 milliseconds in repetition 202
tcp_ping received 64 bytes back
Round trip time was 0.0949 milliseconds in repetition 203
tcp_ping received 64 bytes back
Round trip time was 0.0985 milliseconds in repetition 204
tcp_ping received 64 bytes back
Round trip time was 0.0958 milliseconds in repetition 205
tcp_ping received 64 bytes back
Round trip time was 0.1032 milliseconds in repetition 206
tcp_ping received 64 bytes back
Round trip time was 0.058 milliseconds in repetition 207
tcp_ping received 64 bytes back
Round trip time was 0.0573 milliseconds in repetition 208
tcp_ping received 64 bytes back
Round trip time was 0.0593 milliseconds in repetition 209
tcp_ping received 64 bytes back
Round trip time was 0.0939 milliseconds in repetition 210
tcp_ping received 64 bytes back
Round trip time was 0.096 milliseconds in repetition 211
tcp_ping received 64 bytes back
Round trip time was 0.1006 milliseconds in repetition 212
tcp_ping received 64 bytes back
Round trip time was 0.0535 milliseconds in repetition 213
tcp_ping received 64 bytes back
Round trip time was 0.0525 milliseconds in repetition 214
tcp_ping received 64 bytes back
Round trip time was 0.0524 milliseconds in repetition 215
tcp_ping received 64 bytes back
Round trip time was 0.0525 milliseconds in repetition 216
tcp_ping received 64 bytes back
Round trip time was 0.0523 milliseconds in repetition 217
tcp_ping received 64 bytes back
Round trip time was 0.0525 milliseconds in repetition 218
tcp_ping received 64 bytes back
Round trip time was 0.0522 milliseconds in repetition 219
tcp_ping received 64 bytes back
Round trip time was 0.0522 milliseconds in repetition 220
tcp_ping received 64 bytes back
Round trip time was 0.0525 milliseconds in repetition 221
tcp_ping received 64 bytes back
Round trip time was 0.0527 milliseconds in repetition 222
tcp_ping received 64 bytes back
Round trip time was 0.1103 milliseconds in repetition 223
tcp_ping received 64 bytes back
Round trip time was 0.0994 milliseconds in repetition 224
tcp_ping received 64 bytes back
Round trip time was 0.0978 milliseconds in repetition 225
tcp_ping received 64 bytes back
Round trip time was 0.1008 milliseconds in repetition 226
tcp_ping received 64 bytes back
Round trip time was 0.0981 milliseconds in repetition 227
tcp_ping received 64 bytes back
Round trip time was 0.0983 milliseconds in repetition 228
tcp_ping received 64 bytes back
Round trip time was 0.0985 milliseconds in repetition 229
tcp_ping received 64 bytes back
Round trip time was 0.0922 milliseconds in repetition 230
tcp_ping received 64 bytes back
Round trip time was 0.0847 milliseconds in repetition 231
tcp_ping received 64 bytes back
Round trip time was 0.0542 milliseconds in repetition 232
tcp_ping received 64 bytes back
Round trip time was 0.0526 milliseconds in repetition 233
tcp_ping received 64 bytes back
Round trip time was 0.0527 milliseconds in repetition 234
tcp_ping received 64 bytes back
Round trip time was 0.0528 milliseconds in repetition 235
tcp_ping received 64 bytes back
Round trip time was 0.0526 milliseconds in repetition 236
tcp_ping received 64 bytes back
Round trip time was 0.0526 milliseconds in repetition 237
tcp_ping received 64 bytes back
Round trip time was 0.0524 milliseconds in repetition 238
tcp_ping received 64 bytes back
Round trip time was 0.0542 milliseconds in repetition 239
tcp_ping received 64 bytes back
Round trip time was 0.053 milliseconds in repetition 240
tcp_ping received 64 bytes back
Round trip time was 0.0524 milliseconds in repetition 241
tcp_ping received 64 bytes back
Round trip time was 0.0525 milliseconds in repetition 242
tcp_ping received 64 bytes back
Round trip time was 0.0534 milliseconds in repetition 243
tcp_ping received 64 bytes back
Round trip time was 0.0525 milliseconds in repetition 244
tcp_ping received 64 bytes back
Round trip time was 0.0526 milliseconds in repetition 245
tcp_ping received 64 bytes back
Round trip time was 0.0524 milliseconds in repetition 246
tcp_ping received 64 bytes back
Round trip time was 0.0528 milliseconds in repetition 247
tcp_ping received 64 bytes back
Round trip time was 0.0524 milliseconds in repetition 248
tcp_ping received 64 bytes back
Round trip time was 0.0526 milliseconds in repetition 249
tcp_ping received 64 bytes back
Round trip time was 0.0528 milliseconds in repetition 250
tcp_ping received 64 bytes back
Round trip time was 0.053 milliseconds in repetition 251
tcp_ping received 64 bytes back
Round trip time was 0.0529 milliseconds in repetition 252
tcp_ping received 64 bytes back
Round trip time was 0.0526 milliseconds in repetition 253
tcp_ping received 64 bytes back
Round trip time was 0.0528 milliseconds in repetition 254
tcp_ping received 64 bytes back
Round trip time was 0.0535 milliseconds in repetition 255
tcp_ping received 64 bytes back
Round trip time was 0.0527 milliseconds in repetition 256
tcp_ping received 64 bytes back
Round trip time was 0.0545 milliseconds in repetition 257
tcp_ping received 64 bytes back
Round trip time was 0.0524 milliseconds in repetition 258
tcp_ping received 64 bytes back
Round trip time was 0.0526 milliseconds in repetition 259
tcp_ping received 64 bytes back
Round trip time was 0.0524 milliseconds in repetition 260
tcp_ping received 64 bytes back
Round trip time was 0.0526 milliseconds in repetition 261
tcp_ping received 64 bytes back
Round trip time was 0.0527 milliseconds in repetition 262
tcp_ping received 64 bytes back
Round trip time was 0.0524 milliseconds in repetition 263
tcp_ping received 64 bytes back
Round trip time was 0.0525 milliseconds in repetition 264
tcp_ping received 64 bytes back
Round trip time was 0.0527 milliseconds in repetition 265
tcp_ping received 64 bytes back
Round trip time was 0.0525 milliseconds in repetition 266
tcp_ping received 64 bytes back
Round trip time was 0.0524 milliseconds in repetition 267
tcp_ping received 64 bytes back
Round trip time was 0.0525 milliseconds in repetition 268
tcp_ping received 64 bytes back
Round trip time was 0.0524 milliseconds in repetition 269
tcp_ping received 64 bytes back
Round trip time was 0.0525 milliseconds in repetition 270
tcp_ping received 64 bytes back
Round trip time was 0.0525 milliseconds in repetition 271
tcp_ping received 64 bytes back
Round trip time was 0.0524 milliseconds in repetition 272
tcp_ping received 64 bytes back
Round trip time was 0.0522 milliseconds in repetition 273
tcp_ping received 64 bytes back
Round trip time was 0.053 milliseconds in repetition 274
tcp_ping received 64 bytes back
Round trip time was 0.0528 milliseconds in repetition 275
tcp_ping received 64 bytes back
Round trip time was 0.0527 milliseconds in repetition 276
tcp_ping received 64 bytes back
Round trip time was 0.0526 milliseconds in repetition 277
tcp_ping received 64 bytes back
Round trip time was 0.0528 milliseconds in repetition 278
tcp_ping received 64 bytes back
Round trip time was 0.0528 milliseconds in repetition 279
tcp_ping received 64 bytes back
Round trip time was 0.0528 milliseconds in repetition 280
tcp_ping received 64 bytes back
Round trip time was 0.0525 milliseconds in repetition 281
tcp_ping received 64 bytes back
Round trip time was 0.0527 milliseconds in repetition 282
tcp_ping received 64 bytes back
Round trip time was 0.0523 milliseconds in repetition 283
tcp_ping received 64 bytes back
Round trip time was 0.0524 milliseconds in repetition 284
tcp_ping received 64 bytes back
Round trip time was 0.0528 milliseconds in repetition 285
tcp_ping received 64 bytes back
Round trip time was 0.0525 milliseconds in repetition 286
tcp_ping received 64 bytes back
Round trip time was 0.0526 milliseconds in repetition 287
tcp_ping received 64 bytes back
Round trip time was 0.0525 milliseconds in repetition 288
tcp_ping received 64 bytes back
Round trip time was 0.0535 milliseconds in repetition 289
tcp_ping received 64 bytes back
Round trip time was 0.0529 milliseconds in repetition 290
tcp_ping received 64 bytes back
Round trip time was 0.0525 milliseconds in repetition 291
tcp_ping received 64 bytes back
Round trip time was 0.0526 milliseconds in repetition 292
tcp_ping received 64 bytes back
Round trip time was 0.0523 milliseconds in repetition 293
tcp_ping received 64 bytes back
Round trip time was 0.0524 milliseconds in repetition 294
tcp_ping received 64 bytes back
Round trip time was 0.0525 milliseconds in repetition 295
tcp_ping received 64 bytes back
Round trip time was 0.0526 milliseconds in repetition 296
tcp_ping received 64 bytes back
Round trip time was 0.0526 milliseconds in repetition 297
tcp_ping received 64 bytes back
Round trip time was 0.0525 milliseconds in repetition 298
tcp_ping received 64 bytes back
Round trip time was 0.0524 milliseconds in repetition 299
tcp_ping received 64 bytes back
Round trip time was 0.0525 milliseconds in repetition 300
tcp_ping received 64 bytes back
Round trip time was 0.0526 milliseconds in repetition 301
tcp_ping received 64 bytes back
Round trip time was 0.0525 milliseconds in repetition 302
tcp_ping received 64 bytes back
Round trip time was 0.0525 milliseconds in repetition 303
tcp_ping received 64 bytes back
Round trip time was 0.0527 milliseconds in repetition 304
tcp_ping received 64 bytes back
Round trip time was 0.0527 milliseconds in repetition 305
tcp_ping received 64 bytes back
Round trip time was 0.0525 milliseconds in repetition 306
tcp_ping received 64 bytes back
Round trip time was 0.0529 milliseconds in repetition 307
tcp_ping received 64 bytes back
Round trip time was 0.0527 milliseconds in repetition 308
tcp_ping received 64 bytes back
Round trip time was 0.0524 milliseconds in repetition 309
tcp_ping received 64 bytes back
Round trip time was 0.0525 milliseconds in repetition 310
tcp_ping received 64 bytes back
Round trip time was 0.0526 milliseconds in repetition 311
tcp_ping received 64 bytes back
Round trip time was 0.0525 milliseconds in repetition 312
tcp_ping received 64 bytes back
Round trip time was 0.0524 milliseconds in repetition 313
tcp_ping received 64 bytes back
Round trip time was 0.0523 milliseconds in repetition 314
tcp_ping received 64 bytes back
Round trip time was 0.0527 milliseconds in repetition 315
tcp_ping received 64 bytes back
Round trip time was 0.0525 milliseconds in repetition 316
tcp_ping received 64 bytes back
Round trip time was 0.0527 milliseconds in repetition 317
tcp_ping received 64 bytes back
Round trip time was 0.0523 milliseconds in repetition 318
tcp_ping received 64 bytes back
Round trip time was 0.0529 milliseconds in repetition 319
tcp_ping received 64 bytes back
Round trip time was 0.0532 milliseconds in repetition 320
tcp_ping received 64 bytes back
Round trip time was 0.0536 milliseconds in repetition 321
tcp_ping received 64 bytes back
Round trip time was 0.1081 milliseconds in repetition 322
tcp_ping received 64 bytes back
Round trip time was 0.1007 milliseconds in repetition 323
tcp_ping received 64 bytes back
Round trip time was 0.0994 milliseconds in repetition 324
tcp_ping received 64 bytes back
Round trip time was 0.1067 milliseconds in repetition 325
tcp_ping received 64 bytes back
Round trip time was 0.0993 milliseconds in repetition 326
tcp_ping received 64 bytes back
Round trip time was 0.0691 milliseconds in repetition 327
tcp_ping received 64 bytes back
Round trip time was 0.0979 milliseconds in repetition 328
tcp_ping received 64 bytes back
Round trip time was 0.102 milliseconds in repetition 329
tcp_ping received 64 bytes back
Round trip time was 0.0968 milliseconds in repetition 330
tcp_ping received 64 bytes back
Round trip time was 0.0967 milliseconds in repetition 331
tcp_ping received 64 bytes back
Round trip time was 0.0969 milliseconds in repetition 332
tcp_ping received 64 bytes back
Round trip time was 0.0968 milliseconds in repetition 333
tcp_ping received 64 bytes back
Round trip time was 0.1026 milliseconds in repetition 334
tcp_ping received 64 bytes back
Round trip time was 0.0993 milliseconds in repetition 335
tcp_ping received 64 bytes back
Round trip time was 0.1109 milliseconds in repetition 336
tcp_ping received 64 bytes back
Round trip time was 0.1349 milliseconds in repetition 337
tcp_ping received 64 bytes back
Round trip time was 0.1314 milliseconds in repetition 338
tcp_ping received 64 bytes back
Round trip time was 0.1322 milliseconds in repetition 339
tcp_ping received 64 bytes back
Round trip time was 0.1312 milliseconds in repetition 340
tcp_ping received 64 bytes back
Round trip time was 0.1249 milliseconds in repetition 341
tcp_ping received 64 bytes back
Round trip time was 0.1244 milliseconds in repetition 342
tcp_ping received 64 bytes back
Round trip time was 0.1209 milliseconds in repetition 343
tcp_ping received 64 bytes back
Round trip time was 0.1165 milliseconds in repetition 344
tcp_ping received 64 bytes back
Round trip time was 0.1093 milliseconds in repetition 345
tcp_ping received 64 bytes back
Round trip time was 0.1091 milliseconds in repetition 346
tcp_ping received 64 bytes back
Round trip time was 0.1081 milliseconds in repetition 347
tcp_ping received 64 bytes back
Round trip time was 0.089 milliseconds in repetition 348
tcp_ping received 64 bytes back
Round trip time was 0.0877 milliseconds in repetition 349
tcp_ping received 64 bytes back
Round trip time was 0.0913 milliseconds in repetition 350
tcp_ping received 64 bytes back
Round trip time was 0.0534 milliseconds in repetition 351
tcp_ping received 64 bytes back
Round trip time was 0.0533 milliseconds in repetition 352
tcp_ping received 64 bytes back
Round trip time was 0.0502 milliseconds in repetition 353
tcp_ping received 64 bytes back
Round trip time was 0.0547 milliseconds in repetition 354
tcp_ping received 64 bytes back
Round trip time was 0.0536 milliseconds in repetition 355
tcp_ping received 64 bytes back
Round trip time was 0.0533 milliseconds in repetition 356
tcp_ping received 64 bytes back
Round trip time was 0.0529 milliseconds in repetition 357
tcp_ping received 64 bytes back
Round trip time was 0.0536 milliseconds in repetition 358
tcp_ping received 64 bytes back
Round trip time was 0.053 milliseconds in repetition 359
tcp_ping received 64 bytes back
Round trip time was 0.0532 milliseconds in repetition 360
tcp_ping received 64 bytes back
Round trip time was 0.0529 milliseconds in repetition 361
tcp_ping received 64 bytes back
Round trip time was 0.0532 milliseconds in repetition 362
tcp_ping received 64 bytes back
Round trip time was 0.053 milliseconds in repetition 363
tcp_ping received 64 bytes back
Round trip time was 0.0532 milliseconds in repetition 364
tcp_ping received 64 bytes back
Round trip time was 0.0533 milliseconds in repetition 365
tcp_ping received 64 bytes back
Round trip time was 0.053 milliseconds in repetition 366
tcp_ping received 64 bytes back
Round trip time was 0.0531 milliseconds in repetition 367
tcp_ping received 64 bytes back
Round trip time was 0.0535 milliseconds in repetition 368
tcp_ping received 64 bytes back
Round trip time was 0.0535 milliseconds in repetition 369
tcp_ping received 64 bytes back
Round trip time was 0.053 milliseconds in repetition 370
tcp_ping received 64 bytes back
Round trip time was 0.053 milliseconds in repetition 371
tcp_ping received 64 bytes back
Round trip time was 0.053 milliseconds in repetition 372
tcp_ping received 64 bytes back
Round trip time was 0.0531 milliseconds in repetition 373
tcp_ping received 64 bytes back
Round trip time was 0.053 milliseconds in repetition 374
tcp_ping received 64 bytes back
Round trip time was 0.0531 milliseconds in repetition 375
tcp_ping received 64 bytes back
Round trip time was 0.0532 milliseconds in repetition 376
tcp_ping received 64 bytes back
Round trip time was 0.0529 milliseconds in repetition 377
tcp_ping received 64 bytes back
Round trip time was 0.053 milliseconds in repetition 378
tcp_ping received 64 bytes back
Round trip time was 0.0529 milliseconds in repetition 379
tcp_ping received 64 bytes back
Round trip time was 0.0529 milliseconds in repetition 380
tcp_ping received 64 bytes back
Round trip time was 0.0529 milliseconds in repetition 381
tcp_ping received 64 bytes back
Round trip time was 0.0527 milliseconds in repetition 382
tcp_ping received 64 bytes back
Round trip time was 0.0528 milliseconds in repetition 383
tcp_ping received 64 bytes back
Round trip time was 0.0529 milliseconds in repetition 384
tcp_ping received 64 bytes back
Round trip time was 0.0527 milliseconds in repetition 385
tcp_ping received 64 bytes back
Round trip time was 0.0529 milliseconds in repetition 386
tcp_ping received 64 bytes back
Round trip time was 0.0963 milliseconds in repetition 387
tcp_ping received 64 bytes back
Round trip time was 0.1022 milliseconds in repetition 388
tcp_ping received 64 bytes back
Round trip time was 0.0943 milliseconds in repetition 389
tcp_ping received 64 bytes back
Round trip time was 0.0939 milliseconds in repetition 390
tcp_ping received 64 bytes back
Round trip time was 0.0959 milliseconds in repetition 391
tcp_ping received 64 bytes back
Round trip time was 0.0964 milliseconds in repetition 392
tcp_ping received 64 bytes back
Round trip time was 0.094 milliseconds in repetition 393
tcp_ping received 64 bytes back
Round trip time was 0.0883 milliseconds in repetition 394
tcp_ping received 64 bytes back
Round trip time was 0.0825 milliseconds in repetition 395
tcp_ping received 64 bytes back
Round trip time was 0.0823 milliseconds in repetition 396
tcp_ping received 64 bytes back
Round trip time was 0.0819 milliseconds in repetition 397
tcp_ping received 64 bytes back
Round trip time was 0.0563 milliseconds in repetition 398
tcp_ping received 64 bytes back
Round trip time was 0.0567 milliseconds in repetition 399
tcp_ping received 64 bytes back
Round trip time was 0.0909 milliseconds in repetition 400
tcp_ping received 64 bytes back
Round trip time was 0.0819 milliseconds in repetition 401
tcp_ping received 64 bytes back
Round trip time was 0.082 milliseconds in repetition 402
tcp_ping received 64 bytes back
Round trip time was 0.0536 milliseconds in repetition 403
tcp_ping received 64 bytes back
Round trip time was 0.0522 milliseconds in repetition 404
tcp_ping received 64 bytes back
Round trip time was 0.0522 milliseconds in repetition 405
tcp_ping received 64 bytes back
Round trip time was 0.0519 milliseconds in repetition 406
tcp_ping received 64 bytes back
Round trip time was 0.0521 milliseconds in repetition 407
tcp_ping received 64 bytes back
Round trip time was 0.052 milliseconds in repetition 408
tcp_ping received 64 bytes back
Round trip time was 0.0522 milliseconds in repetition 409
tcp_ping received 64 bytes back
Round trip time was 0.0522 milliseconds in repetition 410
tcp_ping received 64 bytes back
Round trip time was 0.0522 milliseconds in repetition 411
tcp_ping received 64 bytes back
Round trip time was 0.0519 milliseconds in repetition 412
tcp_ping received 64 bytes back
Round trip time was 0.0521 milliseconds in repetition 413
tcp_ping received 64 bytes back
Round trip time was 0.0513 milliseconds in repetition 414
tcp_ping received 64 bytes back
Round trip time was 0.0519 milliseconds in repetition 415
tcp_ping received 64 bytes back
Round trip time was 0.0521 milliseconds in repetition 416
tcp_ping received 64 bytes back
Round trip time was 0.0519 milliseconds in repetition 417
tcp_ping received 64 bytes back
Round trip time was 0.0523 milliseconds in repetition 418
tcp_ping received 64 bytes back
Round trip time was 0.0523 milliseconds in repetition 419
tcp_ping received 64 bytes back
Round trip time was 0.0521 milliseconds in repetition 420
tcp_ping received 64 bytes back
Round trip time was 0.052 milliseconds in repetition 421
tcp_ping received 64 bytes back
Round trip time was 0.0521 milliseconds in repetition 422
tcp_ping received 64 bytes back
Round trip time was 0.0521 milliseconds in repetition 423
tcp_ping received 64 bytes back
Round trip time was 0.0522 milliseconds in repetition 424
tcp_ping received 64 bytes back
Round trip time was 0.0521 milliseconds in repetition 425
tcp_ping received 64 bytes back
Round trip time was 0.052 milliseconds in repetition 426
tcp_ping received 64 bytes back
Round trip time was 0.0523 milliseconds in repetition 427
tcp_ping received 64 bytes back
Round trip time was 0.0523 milliseconds in repetition 428
tcp_ping received 64 bytes back
Round trip time was 0.0522 milliseconds in repetition 429
tcp_ping received 64 bytes back
Round trip time was 0.1086 milliseconds in repetition 430
tcp_ping received 64 bytes back
Round trip time was 0.0601 milliseconds in repetition 431
tcp_ping received 64 bytes back
Round trip time was 0.0959 milliseconds in repetition 432
tcp_ping received 64 bytes back
Round trip time was 0.107 milliseconds in repetition 433
tcp_ping received 64 bytes back
Round trip time was 0.1012 milliseconds in repetition 434
tcp_ping received 64 bytes back
Round trip time was 0.1028 milliseconds in repetition 435
tcp_ping received 64 bytes back
Round trip time was 0.1013 milliseconds in repetition 436
tcp_ping received 64 bytes back
Round trip time was 0.1032 milliseconds in repetition 437
tcp_ping received 64 bytes back
Round trip time was 0.108 milliseconds in repetition 438
tcp_ping received 64 bytes back
Round trip time was 0.0968 milliseconds in repetition 439
tcp_ping received 64 bytes back
Round trip time was 0.0961 milliseconds in repetition 440
tcp_ping received 64 bytes back
Round trip time was 0.0882 milliseconds in repetition 441
tcp_ping received 64 bytes back
Round trip time was 0.0883 milliseconds in repetition 442
tcp_ping received 64 bytes back
Round trip time was 0.0857 milliseconds in repetition 443
tcp_ping received 64 bytes back
Round trip time was 0.0516 milliseconds in repetition 444
tcp_ping received 64 bytes back
Round trip time was 0.0516 milliseconds in repetition 445
tcp_ping received 64 bytes back
Round trip time was 0.0514 milliseconds in repetition 446
tcp_ping received 64 bytes back
Round trip time was 0.0516 milliseconds in repetition 447
tcp_ping received 64 bytes back
Round trip time was 0.0513 milliseconds in repetition 448
tcp_ping received 64 bytes back
Round trip time was 0.0514 milliseconds in repetition 449
tcp_ping received 64 bytes back
Round trip time was 0.0517 milliseconds in repetition 450
tcp_ping received 64 bytes back
Round trip time was 0.0511 milliseconds in repetition 451
tcp_ping received 64 bytes back
Round trip time was 0.0515 milliseconds in repetition 452
tcp_ping received 64 bytes back
Round trip time was 0.0514 milliseconds in repetition 453
tcp_ping received 64 bytes back
Round trip time was 0.052 milliseconds in repetition 454
tcp_ping received 64 bytes back
Round trip time was 0.0513 milliseconds in repetition 455
tcp_ping received 64 bytes back
Round trip time was 0.0511 milliseconds in repetition 456
tcp_ping received 64 bytes back
Round trip time was 0.051 milliseconds in repetition 457
tcp_ping received 64 bytes back
Round trip time was 0.0509 milliseconds in repetition 458
tcp_ping received 64 bytes back
Round trip time was 0.0511 milliseconds in repetition 459
tcp_ping received 64 bytes back
Round trip time was 0.0511 milliseconds in repetition 460
tcp_ping received 64 bytes back
Round trip time was 0.0511 milliseconds in repetition 461
tcp_ping received 64 bytes back
Round trip time was 0.0511 milliseconds in repetition 462
tcp_ping received 64 bytes back
Round trip time was 0.0511 milliseconds in repetition 463
tcp_ping received 64 bytes back
Round trip time was 0.0512 milliseconds in repetition 464
tcp_ping received 64 bytes back
Round trip time was 0.0509 milliseconds in repetition 465
tcp_ping received 64 bytes back
Round trip time was 0.0509 milliseconds in repetition 466
tcp_ping received 64 bytes back
Round trip time was 0.0509 milliseconds in repetition 467
tcp_ping received 64 bytes back
Round trip time was 0.0514 milliseconds in repetition 468
tcp_ping received 64 bytes back
Round trip time was 0.0512 milliseconds in repetition 469
tcp_ping received 64 bytes back
Round trip time was 0.0511 milliseconds in repetition 470
tcp_ping received 64 bytes back
Round trip time was 0.0625 milliseconds in repetition 471
tcp_ping received 64 bytes back
Round trip time was 0.052 milliseconds in repetition 472
tcp_ping received 64 bytes back
Round trip time was 0.0549 milliseconds in repetition 473
tcp_ping received 64 bytes back
Round trip time was 0.0515 milliseconds in repetition 474
tcp_ping received 64 bytes back
Round trip time was 0.0514 milliseconds in repetition 475
tcp_ping received 64 bytes back
Round trip time was 0.0515 milliseconds in repetition 476
tcp_ping received 64 bytes back
Round trip time was 0.0515 milliseconds in repetition 477
tcp_ping received 64 bytes back
Round trip time was 0.0516 milliseconds in repetition 478
tcp_ping received 64 bytes back
Round trip time was 0.0515 milliseconds in repetition 479
tcp_ping received 64 bytes back
Round trip time was 0.0514 milliseconds in repetition 480
tcp_ping received 64 bytes back
Round trip time was 0.0515 milliseconds in repetition 481
tcp_ping received 64 bytes back
Round trip time was 0.0516 milliseconds in repetition 482
tcp_ping received 64 bytes back
Round trip time was 0.0515 milliseconds in repetition 483
tcp_ping received 64 bytes back
Round trip time was 0.0514 milliseconds in repetition 484
tcp_ping received 64 bytes back
Round trip time was 0.0515 milliseconds in repetition 485
tcp_ping received 64 bytes back
Round trip time was 0.0515 milliseconds in repetition 486
tcp_ping received 64 bytes back
Round trip time was 0.0518 milliseconds in repetition 487
tcp_ping received 64 bytes back
Round trip time was 0.0511 milliseconds in repetition 488
tcp_ping received 64 bytes back
Round trip time was 0.0513 milliseconds in repetition 489
tcp_ping received 64 bytes back
Round trip time was 0.0513 milliseconds in repetition 490
tcp_ping received 64 bytes back
Round trip time was 0.0509 milliseconds in repetition 491
tcp_ping received 64 bytes back
Round trip time was 0.0515 milliseconds in repetition 492
tcp_ping received 64 bytes back
Round trip time was 0.0517 milliseconds in repetition 493
tcp_ping received 64 bytes back
Round trip time was 0.0511 milliseconds in repetition 494
tcp_ping received 64 bytes back
Round trip time was 0.0513 milliseconds in repetition 495
tcp_ping received 64 bytes back
Round trip time was 0.0513 milliseconds in repetition 496
tcp_ping received 64 bytes back
Round trip time was 0.0511 milliseconds in repetition 497
tcp_ping received 64 bytes back
Round trip time was 0.0515 milliseconds in repetition 498
tcp_ping received 64 bytes back
Round trip time was 0.0513 milliseconds in repetition 499
tcp_ping received 64 bytes back
Round trip time was 0.0515 milliseconds in repetition 500
tcp_ping received 64 bytes back
Round trip time was 0.0514 milliseconds in repetition 501

 ... clock resolution was 1e-06
TCP Ping:  Statistics over 501 repetitions of 64 byte messages

RTT : percentile 10: 0.0508, median: 0.0527, percentile 90: 0.0981, average: 0.0627253, variance: 0.000408374

RTT histogram:
0.0348995 1
0.0400396 0
0.0451796 0
0.0503197 281
0.0554597 98
0.0605998 4
0.0657398 3
0.0708798 3
0.0760199 2
0.0811599 10
0.0863 19
0.09144 8
0.0965801 27
0.10172 17
0.10686 10
0.112 6
0.11714 2
0.12228 3
0.12742 2
0.13256 4
0.1377 1

   median Throughput : 2428.84 KB/s   overall Throughput : 2040.64 KB/s

